<?xml version="1.0" encoding="UTF-8"?>
<testsuites name="TC_01" time="4.107" tests="1" failures="0" errors="0">
   <testsuite name="TC_01" tests="1" failures="0" errors="0" time="4.107" skipped="0" timestamp="2021-06-10 03:07:52" hostname="Braj - DESKTOP-7F86NCR" id="Test Suites/TC_01">
      <properties>
         <property name="deviceName" value=""/>
         <property name="devicePlatform" value=""/>
         <property name="logFolder" value="C:\\Users\\Braj\\git\\KatalonStudioGit\\Reports\\20210610_030737\\TC_01\\20210610_030738"/>
         <property name="logFiles" value="C:\\Users\\Braj\\git\\KatalonStudioGit\\Reports\\20210610_030737\\TC_01\\20210610_030738\\execution0.log"/>
         <property name="attachments" value=""/>
         <property name="hostName" value="Braj - DESKTOP-7F86NCR"/>
         <property name="hostAddress" value="192.168.0.103"/>
         <property name="os" value="Windows 10 64bit"/>
         <property name="katalonVersion" value="8.0.0.208"/>
      </properties>
      <testcase name="Test Cases/Test1/Login" time="1.159" classname="Test Cases/Test1/Login" status="PASSED">
         <system-out><![CDATA[2021-06-10 03:07:54 - [TEST_CASE][PASSED] - Test Cases/Test1/Login: Test Cases/Test1/Login

2021-06-10 03:07:55 - [TEST_STEP][PASSED] - println("Hello"): null]]></system-out>
         <system-err><![CDATA[]]></system-err>
      </testcase>
      <system-out><![CDATA[2021-06-10 03:07:52 - [TEST_SUITE][PASSED] - TC_01: Test Cases/Test1/Login]]></system-out>
      <system-err><![CDATA[]]></system-err>
   </testsuite>
</testsuites>
